<?xml version="1.0" encoding="UTF-8"?>
<robot generator="Robot 2.9 (Jython 2.7.0 on java1.7.0_25)" generated="20160912 19:18:20.450">
<suite source="C:\Users\cody\Desktop\tic-tac-toe\acceptance\TicTacToeGUITest.txt" id="s1" name="TicTacToeGUITest">
<test id="s1-t1" name="Win Diagonally as X">
<kw name="Start New Game">
<kw library="SwingLibrary" name="Start Application">
<doc>Alias for `Launch Application` keyword</doc>
<arguments>
<arg>edu.jsu.mcis.TicTacToeVC</arg>
</arguments>
<status status="PASS" starttime="20160912 19:18:21.638" endtime="20160912 19:18:21.669"></status>
</kw>
<kw library="SwingLibrary" name="Select Window">
<doc>Selects a window as current context and sets focus to it.</doc>
<arguments>
<arg>Tic Tac Toe</arg>
</arguments>
<status status="PASS" starttime="20160912 19:18:21.669" endtime="20160912 19:18:21.779"></status>
</kw>
<status status="PASS" starttime="20160912 19:18:21.623" endtime="20160912 19:18:21.779"></status>
</kw>
<kw name="Mark Location">
<arguments>
<arg>1</arg>
<arg>1</arg>
</arguments>
<kw library="BuiltIn" name="Catenate">
<doc>Catenates the given items together and returns the resulted string.</doc>
<arguments>
<arg>SEPARATOR=</arg>
<arg>Location</arg>
<arg>${row}</arg>
<arg>${col}</arg>
</arguments>
<assign>
<var>${component}</var>
</assign>
<msg timestamp="20160912 19:18:21.794" level="INFO">${component} = Location11</msg>
<status status="PASS" starttime="20160912 19:18:21.779" endtime="20160912 19:18:21.794"></status>
</kw>
<kw library="SwingLibrary" name="Click On Component">
<doc>Clicks on a component.</doc>
<arguments>
<arg>${component}</arg>
</arguments>
<status status="PASS" starttime="20160912 19:18:21.794" endtime="20160912 19:18:21.982"></status>
</kw>
<kw library="BuiltIn" name="Sleep">
<doc>Pauses the test executed for the given time.</doc>
<arguments>
<arg>1s</arg>
</arguments>
<msg timestamp="20160912 19:18:22.982" level="INFO">Slept 1 second</msg>
<status status="PASS" starttime="20160912 19:18:21.982" endtime="20160912 19:18:22.982"></status>
</kw>
<status status="PASS" starttime="20160912 19:18:21.779" endtime="20160912 19:18:22.982"></status>
</kw>
<kw name="Check Location">
<arguments>
<arg>1</arg>
<arg>1</arg>
<arg>X</arg>
</arguments>
<kw library="BuiltIn" name="Catenate">
<doc>Catenates the given items together and returns the resulted string.</doc>
<arguments>
<arg>SEPARATOR=</arg>
<arg>Location</arg>
<arg>${row}</arg>
<arg>${col}</arg>
</arguments>
<assign>
<var>${component}</var>
</assign>
<msg timestamp="20160912 19:18:23.013" level="INFO">${component} = Location11</msg>
<status status="PASS" starttime="20160912 19:18:22.998" endtime="20160912 19:18:23.013"></status>
</kw>
<kw library="SwingLibrary" name="Get Button Text">
<doc>Uses current context to search for a button and when found, returns the text it is labeled with.</doc>
<arguments>
<arg>${component}</arg>
</arguments>
<assign>
<var>${text}</var>
</assign>
<msg timestamp="20160912 19:18:23.091" level="INFO">${text} = X</msg>
<status status="PASS" starttime="20160912 19:18:23.029" endtime="20160912 19:18:23.091"></status>
</kw>
<kw library="BuiltIn" name="Should Be Equal">
<doc>Fails if the given objects are unequal.</doc>
<arguments>
<arg>${text}</arg>
<arg>${mark}</arg>
</arguments>
<status status="PASS" starttime="20160912 19:18:23.091" endtime="20160912 19:18:23.091"></status>
</kw>
<status status="PASS" starttime="20160912 19:18:22.982" endtime="20160912 19:18:23.091"></status>
</kw>
<kw name="Mark Location">
<arguments>
<arg>0</arg>
<arg>1</arg>
</arguments>
<kw library="BuiltIn" name="Catenate">
<doc>Catenates the given items together and returns the resulted string.</doc>
<arguments>
<arg>SEPARATOR=</arg>
<arg>Location</arg>
<arg>${row}</arg>
<arg>${col}</arg>
</arguments>
<assign>
<var>${component}</var>
</assign>
<msg timestamp="20160912 19:18:23.107" level="INFO">${component} = Location01</msg>
<status status="PASS" starttime="20160912 19:18:23.107" endtime="20160912 19:18:23.107"></status>
</kw>
<kw library="SwingLibrary" name="Click On Component">
<doc>Clicks on a component.</doc>
<arguments>
<arg>${component}</arg>
</arguments>
<status status="PASS" starttime="20160912 19:18:23.107" endtime="20160912 19:18:23.123"></status>
</kw>
<kw library="BuiltIn" name="Sleep">
<doc>Pauses the test executed for the given time.</doc>
<arguments>
<arg>1s</arg>
</arguments>
<msg timestamp="20160912 19:18:24.123" level="INFO">Slept 1 second</msg>
<status status="PASS" starttime="20160912 19:18:23.123" endtime="20160912 19:18:24.123"></status>
</kw>
<status status="PASS" starttime="20160912 19:18:23.091" endtime="20160912 19:18:24.123"></status>
</kw>
<kw name="Check Location">
<arguments>
<arg>0</arg>
<arg>1</arg>
<arg>O</arg>
</arguments>
<kw library="BuiltIn" name="Catenate">
<doc>Catenates the given items together and returns the resulted string.</doc>
<arguments>
<arg>SEPARATOR=</arg>
<arg>Location</arg>
<arg>${row}</arg>
<arg>${col}</arg>
</arguments>
<assign>
<var>${component}</var>
</assign>
<msg timestamp="20160912 19:18:24.138" level="INFO">${component} = Location01</msg>
<status status="PASS" starttime="20160912 19:18:24.138" endtime="20160912 19:18:24.138"></status>
</kw>
<kw library="SwingLibrary" name="Get Button Text">
<doc>Uses current context to search for a button and when found, returns the text it is labeled with.</doc>
<arguments>
<arg>${component}</arg>
</arguments>
<assign>
<var>${text}</var>
</assign>
<msg timestamp="20160912 19:18:24.154" level="INFO">${text} = O</msg>
<status status="PASS" starttime="20160912 19:18:24.154" endtime="20160912 19:18:24.170"></status>
</kw>
<kw library="BuiltIn" name="Should Be Equal">
<doc>Fails if the given objects are unequal.</doc>
<arguments>
<arg>${text}</arg>
<arg>${mark}</arg>
</arguments>
<status status="PASS" starttime="20160912 19:18:24.170" endtime="20160912 19:18:24.170"></status>
</kw>
<status status="PASS" starttime="20160912 19:18:24.123" endtime="20160912 19:18:24.170"></status>
</kw>
<kw name="Mark Location">
<arguments>
<arg>0</arg>
<arg>0</arg>
</arguments>
<kw library="BuiltIn" name="Catenate">
<doc>Catenates the given items together and returns the resulted string.</doc>
<arguments>
<arg>SEPARATOR=</arg>
<arg>Location</arg>
<arg>${row}</arg>
<arg>${col}</arg>
</arguments>
<assign>
<var>${component}</var>
</assign>
<msg timestamp="20160912 19:18:24.185" level="INFO">${component} = Location00</msg>
<status status="PASS" starttime="20160912 19:18:24.185" endtime="20160912 19:18:24.185"></status>
</kw>
<kw library="SwingLibrary" name="Click On Component">
<doc>Clicks on a component.</doc>
<arguments>
<arg>${component}</arg>
</arguments>
<status status="PASS" starttime="20160912 19:18:24.185" endtime="20160912 19:18:24.201"></status>
</kw>
<kw library="BuiltIn" name="Sleep">
<doc>Pauses the test executed for the given time.</doc>
<arguments>
<arg>1s</arg>
</arguments>
<msg timestamp="20160912 19:18:25.217" level="INFO">Slept 1 second</msg>
<status status="PASS" starttime="20160912 19:18:24.216" endtime="20160912 19:18:25.217"></status>
</kw>
<status status="PASS" starttime="20160912 19:18:24.185" endtime="20160912 19:18:25.217"></status>
</kw>
<kw name="Check Location">
<arguments>
<arg>0</arg>
<arg>0</arg>
<arg>X</arg>
</arguments>
<kw library="BuiltIn" name="Catenate">
<doc>Catenates the given items together and returns the resulted string.</doc>
<arguments>
<arg>SEPARATOR=</arg>
<arg>Location</arg>
<arg>${row}</arg>
<arg>${col}</arg>
</arguments>
<assign>
<var>${component}</var>
</assign>
<msg timestamp="20160912 19:18:25.232" level="INFO">${component} = Location00</msg>
<status status="PASS" starttime="20160912 19:18:25.232" endtime="20160912 19:18:25.232"></status>
</kw>
<kw library="SwingLibrary" name="Get Button Text">
<doc>Uses current context to search for a button and when found, returns the text it is labeled with.</doc>
<arguments>
<arg>${component}</arg>
</arguments>
<assign>
<var>${text}</var>
</assign>
<msg timestamp="20160912 19:18:25.248" level="INFO">${text} = X</msg>
<status status="PASS" starttime="20160912 19:18:25.232" endtime="20160912 19:18:25.248"></status>
</kw>
<kw library="BuiltIn" name="Should Be Equal">
<doc>Fails if the given objects are unequal.</doc>
<arguments>
<arg>${text}</arg>
<arg>${mark}</arg>
</arguments>
<status status="PASS" starttime="20160912 19:18:25.263" endtime="20160912 19:18:25.263"></status>
</kw>
<status status="PASS" starttime="20160912 19:18:25.217" endtime="20160912 19:18:25.263"></status>
</kw>
<kw name="Mark Location">
<arguments>
<arg>0</arg>
<arg>2</arg>
</arguments>
<kw library="BuiltIn" name="Catenate">
<doc>Catenates the given items together and returns the resulted string.</doc>
<arguments>
<arg>SEPARATOR=</arg>
<arg>Location</arg>
<arg>${row}</arg>
<arg>${col}</arg>
</arguments>
<assign>
<var>${component}</var>
</assign>
<msg timestamp="20160912 19:18:25.279" level="INFO">${component} = Location02</msg>
<status status="PASS" starttime="20160912 19:18:25.279" endtime="20160912 19:18:25.279"></status>
</kw>
<kw library="SwingLibrary" name="Click On Component">
<doc>Clicks on a component.</doc>
<arguments>
<arg>${component}</arg>
</arguments>
<status status="PASS" starttime="20160912 19:18:25.279" endtime="20160912 19:18:25.295"></status>
</kw>
<kw library="BuiltIn" name="Sleep">
<doc>Pauses the test executed for the given time.</doc>
<arguments>
<arg>1s</arg>
</arguments>
<msg timestamp="20160912 19:18:26.295" level="INFO">Slept 1 second</msg>
<status status="PASS" starttime="20160912 19:18:25.295" endtime="20160912 19:18:26.295"></status>
</kw>
<status status="PASS" starttime="20160912 19:18:25.263" endtime="20160912 19:18:26.295"></status>
</kw>
<kw name="Check Location">
<arguments>
<arg>0</arg>
<arg>2</arg>
<arg>O</arg>
</arguments>
<kw library="BuiltIn" name="Catenate">
<doc>Catenates the given items together and returns the resulted string.</doc>
<arguments>
<arg>SEPARATOR=</arg>
<arg>Location</arg>
<arg>${row}</arg>
<arg>${col}</arg>
</arguments>
<assign>
<var>${component}</var>
</assign>
<msg timestamp="20160912 19:18:26.310" level="INFO">${component} = Location02</msg>
<status status="PASS" starttime="20160912 19:18:26.310" endtime="20160912 19:18:26.310"></status>
</kw>
<kw library="SwingLibrary" name="Get Button Text">
<doc>Uses current context to search for a button and when found, returns the text it is labeled with.</doc>
<arguments>
<arg>${component}</arg>
</arguments>
<assign>
<var>${text}</var>
</assign>
<msg timestamp="20160912 19:18:26.342" level="INFO">${text} = O</msg>
<status status="PASS" starttime="20160912 19:18:26.326" endtime="20160912 19:18:26.342"></status>
</kw>
<kw library="BuiltIn" name="Should Be Equal">
<doc>Fails if the given objects are unequal.</doc>
<arguments>
<arg>${text}</arg>
<arg>${mark}</arg>
</arguments>
<status status="PASS" starttime="20160912 19:18:26.342" endtime="20160912 19:18:26.357"></status>
</kw>
<status status="PASS" starttime="20160912 19:18:26.295" endtime="20160912 19:18:26.357"></status>
</kw>
<kw name="Mark Location">
<arguments>
<arg>2</arg>
<arg>2</arg>
</arguments>
<kw library="BuiltIn" name="Catenate">
<doc>Catenates the given items together and returns the resulted string.</doc>
<arguments>
<arg>SEPARATOR=</arg>
<arg>Location</arg>
<arg>${row}</arg>
<arg>${col}</arg>
</arguments>
<assign>
<var>${component}</var>
</assign>
<msg timestamp="20160912 19:18:26.373" level="INFO">${component} = Location22</msg>
<status status="PASS" starttime="20160912 19:18:26.373" endtime="20160912 19:18:26.373"></status>
</kw>
<kw library="SwingLibrary" name="Click On Component">
<doc>Clicks on a component.</doc>
<arguments>
<arg>${component}</arg>
</arguments>
<status status="PASS" starttime="20160912 19:18:26.388" endtime="20160912 19:18:26.404"></status>
</kw>
<kw library="BuiltIn" name="Sleep">
<doc>Pauses the test executed for the given time.</doc>
<arguments>
<arg>1s</arg>
</arguments>
<msg timestamp="20160912 19:18:27.420" level="INFO">Slept 1 second</msg>
<status status="PASS" starttime="20160912 19:18:26.404" endtime="20160912 19:18:27.420"></status>
</kw>
<status status="PASS" starttime="20160912 19:18:26.357" endtime="20160912 19:18:27.420"></status>
</kw>
<kw name="Check Location">
<arguments>
<arg>2</arg>
<arg>2</arg>
<arg>X</arg>
</arguments>
<kw library="BuiltIn" name="Catenate">
<doc>Catenates the given items together and returns the resulted string.</doc>
<arguments>
<arg>SEPARATOR=</arg>
<arg>Location</arg>
<arg>${row}</arg>
<arg>${col}</arg>
</arguments>
<assign>
<var>${component}</var>
</assign>
<msg timestamp="20160912 19:18:27.435" level="INFO">${component} = Location22</msg>
<status status="PASS" starttime="20160912 19:18:27.435" endtime="20160912 19:18:27.435"></status>
</kw>
<kw library="SwingLibrary" name="Get Button Text">
<doc>Uses current context to search for a button and when found, returns the text it is labeled with.</doc>
<arguments>
<arg>${component}</arg>
</arguments>
<assign>
<var>${text}</var>
</assign>
<msg timestamp="20160912 19:18:27.467" level="INFO">${text} = X</msg>
<status status="PASS" starttime="20160912 19:18:27.435" endtime="20160912 19:18:27.467"></status>
</kw>
<kw library="BuiltIn" name="Should Be Equal">
<doc>Fails if the given objects are unequal.</doc>
<arguments>
<arg>${text}</arg>
<arg>${mark}</arg>
</arguments>
<status status="PASS" starttime="20160912 19:18:27.467" endtime="20160912 19:18:27.482"></status>
</kw>
<status status="PASS" starttime="20160912 19:18:27.420" endtime="20160912 19:18:27.482"></status>
</kw>
<kw name="Winner Should Be">
<arguments>
<arg>X</arg>
</arguments>
<kw library="SwingLibrary" name="Select Dialog">
<doc>Selects a dialog as current context and sets focus to it.</doc>
<arguments>
<arg>Game Over</arg>
</arguments>
<status status="PASS" starttime="20160912 19:18:27.482" endtime="20160912 19:18:27.498"></status>
</kw>
<kw library="BuiltIn" name="Catenate">
<doc>Catenates the given items together and returns the resulted string.</doc>
<arguments>
<arg>The winner is</arg>
<arg>${winner}</arg>
</arguments>
<assign>
<var>${message}</var>
</assign>
<msg timestamp="20160912 19:18:27.514" level="INFO">${message} = The winner is X</msg>
<status status="PASS" starttime="20160912 19:18:27.498" endtime="20160912 19:18:27.514"></status>
</kw>
<kw library="SwingLibrary" name="Label Text Should Be">
<doc>Checks the equality of given text and the text displayed on a label.</doc>
<arguments>
<arg>OptionPane.label</arg>
<arg>${message}</arg>
</arguments>
<status status="PASS" starttime="20160912 19:18:27.514" endtime="20160912 19:18:27.529"></status>
</kw>
<kw library="SwingLibrary" name="Close Dialog">
<doc>Closes a dialog.</doc>
<arguments>
<arg>Game Over</arg>
</arguments>
<status status="PASS" starttime="20160912 19:18:27.529" endtime="20160912 19:18:27.545"></status>
</kw>
<kw library="SwingLibrary" name="Close Window">
<doc>Closes a window.</doc>
<arguments>
<arg>Tic Tac Toe</arg>
</arguments>
<status status="PASS" starttime="20160912 19:18:27.545" endtime="20160912 19:18:27.810"></status>
</kw>
<status status="PASS" starttime="20160912 19:18:27.482" endtime="20160912 19:18:27.810"></status>
</kw>
<status status="PASS" starttime="20160912 19:18:21.623" endtime="20160912 19:18:27.810" critical="yes"></status>
</test>
<test id="s1-t2" name="Win Horizontally as O">
<kw name="Start New Game">
<kw library="SwingLibrary" name="Start Application">
<doc>Alias for `Launch Application` keyword</doc>
<arguments>
<arg>edu.jsu.mcis.TicTacToeVC</arg>
</arguments>
<status status="PASS" starttime="20160912 19:18:27.842" endtime="20160912 19:18:27.873"></status>
</kw>
<kw library="SwingLibrary" name="Select Window">
<doc>Selects a window as current context and sets focus to it.</doc>
<arguments>
<arg>Tic Tac Toe</arg>
</arguments>
<status status="PASS" starttime="20160912 19:18:27.873" endtime="20160912 19:18:27.889"></status>
</kw>
<status status="PASS" starttime="20160912 19:18:27.842" endtime="20160912 19:18:27.889"></status>
</kw>
<kw name="Mark Location">
<arguments>
<arg>1</arg>
<arg>1</arg>
</arguments>
<kw library="BuiltIn" name="Catenate">
<doc>Catenates the given items together and returns the resulted string.</doc>
<arguments>
<arg>SEPARATOR=</arg>
<arg>Location</arg>
<arg>${row}</arg>
<arg>${col}</arg>
</arguments>
<assign>
<var>${component}</var>
</assign>
<msg timestamp="20160912 19:18:27.889" level="INFO">${component} = Location11</msg>
<status status="PASS" starttime="20160912 19:18:27.889" endtime="20160912 19:18:27.889"></status>
</kw>
<kw library="SwingLibrary" name="Click On Component">
<doc>Clicks on a component.</doc>
<arguments>
<arg>${component}</arg>
</arguments>
<status status="PASS" starttime="20160912 19:18:27.889" endtime="20160912 19:18:27.904"></status>
</kw>
<kw library="BuiltIn" name="Sleep">
<doc>Pauses the test executed for the given time.</doc>
<arguments>
<arg>1s</arg>
</arguments>
<msg timestamp="20160912 19:18:28.904" level="INFO">Slept 1 second</msg>
<status status="PASS" starttime="20160912 19:18:27.904" endtime="20160912 19:18:28.904"></status>
</kw>
<status status="PASS" starttime="20160912 19:18:27.889" endtime="20160912 19:18:28.904"></status>
</kw>
<kw name="Check Location">
<arguments>
<arg>1</arg>
<arg>1</arg>
<arg>X</arg>
</arguments>
<kw library="BuiltIn" name="Catenate">
<doc>Catenates the given items together and returns the resulted string.</doc>
<arguments>
<arg>SEPARATOR=</arg>
<arg>Location</arg>
<arg>${row}</arg>
<arg>${col}</arg>
</arguments>
<assign>
<var>${component}</var>
</assign>
<msg timestamp="20160912 19:18:28.920" level="INFO">${component} = Location11</msg>
<status status="PASS" starttime="20160912 19:18:28.904" endtime="20160912 19:18:28.920"></status>
</kw>
<kw library="SwingLibrary" name="Get Button Text">
<doc>Uses current context to search for a button and when found, returns the text it is labeled with.</doc>
<arguments>
<arg>${component}</arg>
</arguments>
<assign>
<var>${text}</var>
</assign>
<msg timestamp="20160912 19:18:28.935" level="INFO">${text} = X</msg>
<status status="PASS" starttime="20160912 19:18:28.920" endtime="20160912 19:18:28.935"></status>
</kw>
<kw library="BuiltIn" name="Should Be Equal">
<doc>Fails if the given objects are unequal.</doc>
<arguments>
<arg>${text}</arg>
<arg>${mark}</arg>
</arguments>
<status status="PASS" starttime="20160912 19:18:28.935" endtime="20160912 19:18:28.935"></status>
</kw>
<status status="PASS" starttime="20160912 19:18:28.904" endtime="20160912 19:18:28.935"></status>
</kw>
<kw name="Mark Location">
<arguments>
<arg>2</arg>
<arg>0</arg>
</arguments>
<kw library="BuiltIn" name="Catenate">
<doc>Catenates the given items together and returns the resulted string.</doc>
<arguments>
<arg>SEPARATOR=</arg>
<arg>Location</arg>
<arg>${row}</arg>
<arg>${col}</arg>
</arguments>
<assign>
<var>${component}</var>
</assign>
<msg timestamp="20160912 19:18:28.951" level="INFO">${component} = Location20</msg>
<status status="PASS" starttime="20160912 19:18:28.951" endtime="20160912 19:18:28.951"></status>
</kw>
<kw library="SwingLibrary" name="Click On Component">
<doc>Clicks on a component.</doc>
<arguments>
<arg>${component}</arg>
</arguments>
<status status="PASS" starttime="20160912 19:18:28.951" endtime="20160912 19:18:28.967"></status>
</kw>
<kw library="BuiltIn" name="Sleep">
<doc>Pauses the test executed for the given time.</doc>
<arguments>
<arg>1s</arg>
</arguments>
<msg timestamp="20160912 19:18:29.982" level="INFO">Slept 1 second</msg>
<status status="PASS" starttime="20160912 19:18:28.967" endtime="20160912 19:18:29.982"></status>
</kw>
<status status="PASS" starttime="20160912 19:18:28.935" endtime="20160912 19:18:29.982"></status>
</kw>
<kw name="Check Location">
<arguments>
<arg>2</arg>
<arg>0</arg>
<arg>O</arg>
</arguments>
<kw library="BuiltIn" name="Catenate">
<doc>Catenates the given items together and returns the resulted string.</doc>
<arguments>
<arg>SEPARATOR=</arg>
<arg>Location</arg>
<arg>${row}</arg>
<arg>${col}</arg>
</arguments>
<assign>
<var>${component}</var>
</assign>
<msg timestamp="20160912 19:18:29.998" level="INFO">${component} = Location20</msg>
<status status="PASS" starttime="20160912 19:18:29.982" endtime="20160912 19:18:29.998"></status>
</kw>
<kw library="SwingLibrary" name="Get Button Text">
<doc>Uses current context to search for a button and when found, returns the text it is labeled with.</doc>
<arguments>
<arg>${component}</arg>
</arguments>
<assign>
<var>${text}</var>
</assign>
<msg timestamp="20160912 19:18:29.998" level="INFO">${text} = O</msg>
<status status="PASS" starttime="20160912 19:18:29.998" endtime="20160912 19:18:29.998"></status>
</kw>
<kw library="BuiltIn" name="Should Be Equal">
<doc>Fails if the given objects are unequal.</doc>
<arguments>
<arg>${text}</arg>
<arg>${mark}</arg>
</arguments>
<status status="PASS" starttime="20160912 19:18:30.014" endtime="20160912 19:18:30.014"></status>
</kw>
<status status="PASS" starttime="20160912 19:18:29.982" endtime="20160912 19:18:30.014"></status>
</kw>
<kw name="Mark Location">
<arguments>
<arg>0</arg>
<arg>0</arg>
</arguments>
<kw library="BuiltIn" name="Catenate">
<doc>Catenates the given items together and returns the resulted string.</doc>
<arguments>
<arg>SEPARATOR=</arg>
<arg>Location</arg>
<arg>${row}</arg>
<arg>${col}</arg>
</arguments>
<assign>
<var>${component}</var>
</assign>
<msg timestamp="20160912 19:18:30.029" level="INFO">${component} = Location00</msg>
<status status="PASS" starttime="20160912 19:18:30.014" endtime="20160912 19:18:30.029"></status>
</kw>
<kw library="SwingLibrary" name="Click On Component">
<doc>Clicks on a component.</doc>
<arguments>
<arg>${component}</arg>
</arguments>
<status status="PASS" starttime="20160912 19:18:30.029" endtime="20160912 19:18:30.045"></status>
</kw>
<kw library="BuiltIn" name="Sleep">
<doc>Pauses the test executed for the given time.</doc>
<arguments>
<arg>1s</arg>
</arguments>
<msg timestamp="20160912 19:18:31.045" level="INFO">Slept 1 second</msg>
<status status="PASS" starttime="20160912 19:18:30.045" endtime="20160912 19:18:31.045"></status>
</kw>
<status status="PASS" starttime="20160912 19:18:30.014" endtime="20160912 19:18:31.045"></status>
</kw>
<kw name="Check Location">
<arguments>
<arg>0</arg>
<arg>0</arg>
<arg>X</arg>
</arguments>
<kw library="BuiltIn" name="Catenate">
<doc>Catenates the given items together and returns the resulted string.</doc>
<arguments>
<arg>SEPARATOR=</arg>
<arg>Location</arg>
<arg>${row}</arg>
<arg>${col}</arg>
</arguments>
<assign>
<var>${component}</var>
</assign>
<msg timestamp="20160912 19:18:31.045" level="INFO">${component} = Location00</msg>
<status status="PASS" starttime="20160912 19:18:31.045" endtime="20160912 19:18:31.045"></status>
</kw>
<kw library="SwingLibrary" name="Get Button Text">
<doc>Uses current context to search for a button and when found, returns the text it is labeled with.</doc>
<arguments>
<arg>${component}</arg>
</arguments>
<assign>
<var>${text}</var>
</assign>
<msg timestamp="20160912 19:18:31.061" level="INFO">${text} = X</msg>
<status status="PASS" starttime="20160912 19:18:31.061" endtime="20160912 19:18:31.061"></status>
</kw>
<kw library="BuiltIn" name="Should Be Equal">
<doc>Fails if the given objects are unequal.</doc>
<arguments>
<arg>${text}</arg>
<arg>${mark}</arg>
</arguments>
<status status="PASS" starttime="20160912 19:18:31.061" endtime="20160912 19:18:31.061"></status>
</kw>
<status status="PASS" starttime="20160912 19:18:31.045" endtime="20160912 19:18:31.061"></status>
</kw>
<kw name="Mark Location">
<arguments>
<arg>2</arg>
<arg>2</arg>
</arguments>
<kw library="BuiltIn" name="Catenate">
<doc>Catenates the given items together and returns the resulted string.</doc>
<arguments>
<arg>SEPARATOR=</arg>
<arg>Location</arg>
<arg>${row}</arg>
<arg>${col}</arg>
</arguments>
<assign>
<var>${component}</var>
</assign>
<msg timestamp="20160912 19:18:31.076" level="INFO">${component} = Location22</msg>
<status status="PASS" starttime="20160912 19:18:31.076" endtime="20160912 19:18:31.092"></status>
</kw>
<kw library="SwingLibrary" name="Click On Component">
<doc>Clicks on a component.</doc>
<arguments>
<arg>${component}</arg>
</arguments>
<status status="PASS" starttime="20160912 19:18:31.092" endtime="20160912 19:18:31.107"></status>
</kw>
<kw library="BuiltIn" name="Sleep">
<doc>Pauses the test executed for the given time.</doc>
<arguments>
<arg>1s</arg>
</arguments>
<msg timestamp="20160912 19:18:32.108" level="INFO">Slept 1 second</msg>
<status status="PASS" starttime="20160912 19:18:31.107" endtime="20160912 19:18:32.108"></status>
</kw>
<status status="PASS" starttime="20160912 19:18:31.076" endtime="20160912 19:18:32.108"></status>
</kw>
<kw name="Check Location">
<arguments>
<arg>2</arg>
<arg>2</arg>
<arg>O</arg>
</arguments>
<kw library="BuiltIn" name="Catenate">
<doc>Catenates the given items together and returns the resulted string.</doc>
<arguments>
<arg>SEPARATOR=</arg>
<arg>Location</arg>
<arg>${row}</arg>
<arg>${col}</arg>
</arguments>
<assign>
<var>${component}</var>
</assign>
<msg timestamp="20160912 19:18:32.123" level="INFO">${component} = Location22</msg>
<status status="PASS" starttime="20160912 19:18:32.108" endtime="20160912 19:18:32.123"></status>
</kw>
<kw library="SwingLibrary" name="Get Button Text">
<doc>Uses current context to search for a button and when found, returns the text it is labeled with.</doc>
<arguments>
<arg>${component}</arg>
</arguments>
<assign>
<var>${text}</var>
</assign>
<msg timestamp="20160912 19:18:32.139" level="INFO">${text} = O</msg>
<status status="PASS" starttime="20160912 19:18:32.123" endtime="20160912 19:18:32.139"></status>
</kw>
<kw library="BuiltIn" name="Should Be Equal">
<doc>Fails if the given objects are unequal.</doc>
<arguments>
<arg>${text}</arg>
<arg>${mark}</arg>
</arguments>
<status status="PASS" starttime="20160912 19:18:32.139" endtime="20160912 19:18:32.139"></status>
</kw>
<status status="PASS" starttime="20160912 19:18:32.108" endtime="20160912 19:18:32.139"></status>
</kw>
<kw name="Mark Location">
<arguments>
<arg>0</arg>
<arg>2</arg>
</arguments>
<kw library="BuiltIn" name="Catenate">
<doc>Catenates the given items together and returns the resulted string.</doc>
<arguments>
<arg>SEPARATOR=</arg>
<arg>Location</arg>
<arg>${row}</arg>
<arg>${col}</arg>
</arguments>
<assign>
<var>${component}</var>
</assign>
<msg timestamp="20160912 19:18:32.154" level="INFO">${component} = Location02</msg>
<status status="PASS" starttime="20160912 19:18:32.154" endtime="20160912 19:18:32.154"></status>
</kw>
<kw library="SwingLibrary" name="Click On Component">
<doc>Clicks on a component.</doc>
<arguments>
<arg>${component}</arg>
</arguments>
<status status="PASS" starttime="20160912 19:18:32.154" endtime="20160912 19:18:32.170"></status>
</kw>
<kw library="BuiltIn" name="Sleep">
<doc>Pauses the test executed for the given time.</doc>
<arguments>
<arg>1s</arg>
</arguments>
<msg timestamp="20160912 19:18:33.186" level="INFO">Slept 1 second</msg>
<status status="PASS" starttime="20160912 19:18:32.170" endtime="20160912 19:18:33.186"></status>
</kw>
<status status="PASS" starttime="20160912 19:18:32.154" endtime="20160912 19:18:33.186"></status>
</kw>
<kw name="Check Location">
<arguments>
<arg>0</arg>
<arg>2</arg>
<arg>X</arg>
</arguments>
<kw library="BuiltIn" name="Catenate">
<doc>Catenates the given items together and returns the resulted string.</doc>
<arguments>
<arg>SEPARATOR=</arg>
<arg>Location</arg>
<arg>${row}</arg>
<arg>${col}</arg>
</arguments>
<assign>
<var>${component}</var>
</assign>
<msg timestamp="20160912 19:18:33.186" level="INFO">${component} = Location02</msg>
<status status="PASS" starttime="20160912 19:18:33.186" endtime="20160912 19:18:33.186"></status>
</kw>
<kw library="SwingLibrary" name="Get Button Text">
<doc>Uses current context to search for a button and when found, returns the text it is labeled with.</doc>
<arguments>
<arg>${component}</arg>
</arguments>
<assign>
<var>${text}</var>
</assign>
<msg timestamp="20160912 19:18:33.201" level="INFO">${text} = X</msg>
<status status="PASS" starttime="20160912 19:18:33.186" endtime="20160912 19:18:33.201"></status>
</kw>
<kw library="BuiltIn" name="Should Be Equal">
<doc>Fails if the given objects are unequal.</doc>
<arguments>
<arg>${text}</arg>
<arg>${mark}</arg>
</arguments>
<status status="PASS" starttime="20160912 19:18:33.201" endtime="20160912 19:18:33.201"></status>
</kw>
<status status="PASS" starttime="20160912 19:18:33.186" endtime="20160912 19:18:33.201"></status>
</kw>
<kw name="Mark Location">
<arguments>
<arg>2</arg>
<arg>1</arg>
</arguments>
<kw library="BuiltIn" name="Catenate">
<doc>Catenates the given items together and returns the resulted string.</doc>
<arguments>
<arg>SEPARATOR=</arg>
<arg>Location</arg>
<arg>${row}</arg>
<arg>${col}</arg>
</arguments>
<assign>
<var>${component}</var>
</assign>
<msg timestamp="20160912 19:18:33.217" level="INFO">${component} = Location21</msg>
<status status="PASS" starttime="20160912 19:18:33.201" endtime="20160912 19:18:33.217"></status>
</kw>
<kw library="SwingLibrary" name="Click On Component">
<doc>Clicks on a component.</doc>
<arguments>
<arg>${component}</arg>
</arguments>
<status status="PASS" starttime="20160912 19:18:33.217" endtime="20160912 19:18:33.217"></status>
</kw>
<kw library="BuiltIn" name="Sleep">
<doc>Pauses the test executed for the given time.</doc>
<arguments>
<arg>1s</arg>
</arguments>
<msg timestamp="20160912 19:18:34.233" level="INFO">Slept 1 second</msg>
<status status="PASS" starttime="20160912 19:18:33.233" endtime="20160912 19:18:34.233"></status>
</kw>
<status status="PASS" starttime="20160912 19:18:33.201" endtime="20160912 19:18:34.233"></status>
</kw>
<kw name="Check Location">
<arguments>
<arg>2</arg>
<arg>1</arg>
<arg>O</arg>
</arguments>
<kw library="BuiltIn" name="Catenate">
<doc>Catenates the given items together and returns the resulted string.</doc>
<arguments>
<arg>SEPARATOR=</arg>
<arg>Location</arg>
<arg>${row}</arg>
<arg>${col}</arg>
</arguments>
<assign>
<var>${component}</var>
</assign>
<msg timestamp="20160912 19:18:34.248" level="INFO">${component} = Location21</msg>
<status status="PASS" starttime="20160912 19:18:34.233" endtime="20160912 19:18:34.248"></status>
</kw>
<kw library="SwingLibrary" name="Get Button Text">
<doc>Uses current context to search for a button and when found, returns the text it is labeled with.</doc>
<arguments>
<arg>${component}</arg>
</arguments>
<assign>
<var>${text}</var>
</assign>
<msg timestamp="20160912 19:18:34.264" level="INFO">${text} = O</msg>
<status status="PASS" starttime="20160912 19:18:34.248" endtime="20160912 19:18:34.264"></status>
</kw>
<kw library="BuiltIn" name="Should Be Equal">
<doc>Fails if the given objects are unequal.</doc>
<arguments>
<arg>${text}</arg>
<arg>${mark}</arg>
</arguments>
<status status="PASS" starttime="20160912 19:18:34.264" endtime="20160912 19:18:34.264"></status>
</kw>
<status status="PASS" starttime="20160912 19:18:34.233" endtime="20160912 19:18:34.264"></status>
</kw>
<kw name="Winner Should Be">
<arguments>
<arg>O</arg>
</arguments>
<kw library="SwingLibrary" name="Select Dialog">
<doc>Selects a dialog as current context and sets focus to it.</doc>
<arguments>
<arg>Game Over</arg>
</arguments>
<status status="PASS" starttime="20160912 19:18:34.279" endtime="20160912 19:18:34.279"></status>
</kw>
<kw library="BuiltIn" name="Catenate">
<doc>Catenates the given items together and returns the resulted string.</doc>
<arguments>
<arg>The winner is</arg>
<arg>${winner}</arg>
</arguments>
<assign>
<var>${message}</var>
</assign>
<msg timestamp="20160912 19:18:34.279" level="INFO">${message} = The winner is O</msg>
<status status="PASS" starttime="20160912 19:18:34.279" endtime="20160912 19:18:34.279"></status>
</kw>
<kw library="SwingLibrary" name="Label Text Should Be">
<doc>Checks the equality of given text and the text displayed on a label.</doc>
<arguments>
<arg>OptionPane.label</arg>
<arg>${message}</arg>
</arguments>
<status status="PASS" starttime="20160912 19:18:34.295" endtime="20160912 19:18:34.295"></status>
</kw>
<kw library="SwingLibrary" name="Close Dialog">
<doc>Closes a dialog.</doc>
<arguments>
<arg>Game Over</arg>
</arguments>
<status status="PASS" starttime="20160912 19:18:34.295" endtime="20160912 19:18:34.311"></status>
</kw>
<kw library="SwingLibrary" name="Close Window">
<doc>Closes a window.</doc>
<arguments>
<arg>Tic Tac Toe</arg>
</arguments>
<status status="PASS" starttime="20160912 19:18:34.311" endtime="20160912 19:18:34.483"></status>
</kw>
<status status="PASS" starttime="20160912 19:18:34.264" endtime="20160912 19:18:34.483"></status>
</kw>
<status status="PASS" starttime="20160912 19:18:27.826" endtime="20160912 19:18:34.483" critical="yes"></status>
</test>
<test id="s1-t3" name="Force a Tie">
<kw name="Start New Game">
<kw library="SwingLibrary" name="Start Application">
<doc>Alias for `Launch Application` keyword</doc>
<arguments>
<arg>edu.jsu.mcis.TicTacToeVC</arg>
</arguments>
<status status="PASS" starttime="20160912 19:18:34.498" endtime="20160912 19:18:34.529"></status>
</kw>
<kw library="SwingLibrary" name="Select Window">
<doc>Selects a window as current context and sets focus to it.</doc>
<arguments>
<arg>Tic Tac Toe</arg>
</arguments>
<status status="PASS" starttime="20160912 19:18:34.545" endtime="20160912 19:18:34.545"></status>
</kw>
<status status="PASS" starttime="20160912 19:18:34.498" endtime="20160912 19:18:34.561"></status>
</kw>
<kw name="Mark Location">
<arguments>
<arg>1</arg>
<arg>1</arg>
</arguments>
<kw library="BuiltIn" name="Catenate">
<doc>Catenates the given items together and returns the resulted string.</doc>
<arguments>
<arg>SEPARATOR=</arg>
<arg>Location</arg>
<arg>${row}</arg>
<arg>${col}</arg>
</arguments>
<assign>
<var>${component}</var>
</assign>
<msg timestamp="20160912 19:18:34.576" level="INFO">${component} = Location11</msg>
<status status="PASS" starttime="20160912 19:18:34.561" endtime="20160912 19:18:34.576"></status>
</kw>
<kw library="SwingLibrary" name="Click On Component">
<doc>Clicks on a component.</doc>
<arguments>
<arg>${component}</arg>
</arguments>
<status status="PASS" starttime="20160912 19:18:34.576" endtime="20160912 19:18:34.592"></status>
</kw>
<kw library="BuiltIn" name="Sleep">
<doc>Pauses the test executed for the given time.</doc>
<arguments>
<arg>1s</arg>
</arguments>
<msg timestamp="20160912 19:18:35.592" level="INFO">Slept 1 second</msg>
<status status="PASS" starttime="20160912 19:18:34.592" endtime="20160912 19:18:35.592"></status>
</kw>
<status status="PASS" starttime="20160912 19:18:34.561" endtime="20160912 19:18:35.592"></status>
</kw>
<kw name="Check Location">
<arguments>
<arg>1</arg>
<arg>1</arg>
<arg>X</arg>
</arguments>
<kw library="BuiltIn" name="Catenate">
<doc>Catenates the given items together and returns the resulted string.</doc>
<arguments>
<arg>SEPARATOR=</arg>
<arg>Location</arg>
<arg>${row}</arg>
<arg>${col}</arg>
</arguments>
<assign>
<var>${component}</var>
</assign>
<msg timestamp="20160912 19:18:35.608" level="INFO">${component} = Location11</msg>
<status status="PASS" starttime="20160912 19:18:35.592" endtime="20160912 19:18:35.608"></status>
</kw>
<kw library="SwingLibrary" name="Get Button Text">
<doc>Uses current context to search for a button and when found, returns the text it is labeled with.</doc>
<arguments>
<arg>${component}</arg>
</arguments>
<assign>
<var>${text}</var>
</assign>
<msg timestamp="20160912 19:18:35.623" level="INFO">${text} = X</msg>
<status status="PASS" starttime="20160912 19:18:35.608" endtime="20160912 19:18:35.623"></status>
</kw>
<kw library="BuiltIn" name="Should Be Equal">
<doc>Fails if the given objects are unequal.</doc>
<arguments>
<arg>${text}</arg>
<arg>${mark}</arg>
</arguments>
<status status="PASS" starttime="20160912 19:18:35.623" endtime="20160912 19:18:35.639"></status>
</kw>
<status status="PASS" starttime="20160912 19:18:35.592" endtime="20160912 19:18:35.639"></status>
</kw>
<kw name="Mark Location">
<arguments>
<arg>0</arg>
<arg>0</arg>
</arguments>
<kw library="BuiltIn" name="Catenate">
<doc>Catenates the given items together and returns the resulted string.</doc>
<arguments>
<arg>SEPARATOR=</arg>
<arg>Location</arg>
<arg>${row}</arg>
<arg>${col}</arg>
</arguments>
<assign>
<var>${component}</var>
</assign>
<msg timestamp="20160912 19:18:35.639" level="INFO">${component} = Location00</msg>
<status status="PASS" starttime="20160912 19:18:35.639" endtime="20160912 19:18:35.639"></status>
</kw>
<kw library="SwingLibrary" name="Click On Component">
<doc>Clicks on a component.</doc>
<arguments>
<arg>${component}</arg>
</arguments>
<status status="PASS" starttime="20160912 19:18:35.639" endtime="20160912 19:18:35.655"></status>
</kw>
<kw library="BuiltIn" name="Sleep">
<doc>Pauses the test executed for the given time.</doc>
<arguments>
<arg>1s</arg>
</arguments>
<msg timestamp="20160912 19:18:36.655" level="INFO">Slept 1 second</msg>
<status status="PASS" starttime="20160912 19:18:35.655" endtime="20160912 19:18:36.655"></status>
</kw>
<status status="PASS" starttime="20160912 19:18:35.639" endtime="20160912 19:18:36.655"></status>
</kw>
<kw name="Check Location">
<arguments>
<arg>0</arg>
<arg>0</arg>
<arg>O</arg>
</arguments>
<kw library="BuiltIn" name="Catenate">
<doc>Catenates the given items together and returns the resulted string.</doc>
<arguments>
<arg>SEPARATOR=</arg>
<arg>Location</arg>
<arg>${row}</arg>
<arg>${col}</arg>
</arguments>
<assign>
<var>${component}</var>
</assign>
<msg timestamp="20160912 19:18:36.670" level="INFO">${component} = Location00</msg>
<status status="PASS" starttime="20160912 19:18:36.655" endtime="20160912 19:18:36.670"></status>
</kw>
<kw library="SwingLibrary" name="Get Button Text">
<doc>Uses current context to search for a button and when found, returns the text it is labeled with.</doc>
<arguments>
<arg>${component}</arg>
</arguments>
<assign>
<var>${text}</var>
</assign>
<msg timestamp="20160912 19:18:36.686" level="INFO">${text} = O</msg>
<status status="PASS" starttime="20160912 19:18:36.670" endtime="20160912 19:18:36.686"></status>
</kw>
<kw library="BuiltIn" name="Should Be Equal">
<doc>Fails if the given objects are unequal.</doc>
<arguments>
<arg>${text}</arg>
<arg>${mark}</arg>
</arguments>
<status status="PASS" starttime="20160912 19:18:36.686" endtime="20160912 19:18:36.701"></status>
</kw>
<status status="PASS" starttime="20160912 19:18:36.655" endtime="20160912 19:18:36.701"></status>
</kw>
<kw name="Mark Location">
<arguments>
<arg>2</arg>
<arg>0</arg>
</arguments>
<kw library="BuiltIn" name="Catenate">
<doc>Catenates the given items together and returns the resulted string.</doc>
<arguments>
<arg>SEPARATOR=</arg>
<arg>Location</arg>
<arg>${row}</arg>
<arg>${col}</arg>
</arguments>
<assign>
<var>${component}</var>
</assign>
<msg timestamp="20160912 19:18:36.701" level="INFO">${component} = Location20</msg>
<status status="PASS" starttime="20160912 19:18:36.701" endtime="20160912 19:18:36.717"></status>
</kw>
<kw library="SwingLibrary" name="Click On Component">
<doc>Clicks on a component.</doc>
<arguments>
<arg>${component}</arg>
</arguments>
<status status="PASS" starttime="20160912 19:18:36.717" endtime="20160912 19:18:36.717"></status>
</kw>
<kw library="BuiltIn" name="Sleep">
<doc>Pauses the test executed for the given time.</doc>
<arguments>
<arg>1s</arg>
</arguments>
<msg timestamp="20160912 19:18:37.733" level="INFO">Slept 1 second</msg>
<status status="PASS" starttime="20160912 19:18:36.717" endtime="20160912 19:18:37.733"></status>
</kw>
<status status="PASS" starttime="20160912 19:18:36.701" endtime="20160912 19:18:37.733"></status>
</kw>
<kw name="Check Location">
<arguments>
<arg>2</arg>
<arg>0</arg>
<arg>X</arg>
</arguments>
<kw library="BuiltIn" name="Catenate">
<doc>Catenates the given items together and returns the resulted string.</doc>
<arguments>
<arg>SEPARATOR=</arg>
<arg>Location</arg>
<arg>${row}</arg>
<arg>${col}</arg>
</arguments>
<assign>
<var>${component}</var>
</assign>
<msg timestamp="20160912 19:18:37.748" level="INFO">${component} = Location20</msg>
<status status="PASS" starttime="20160912 19:18:37.733" endtime="20160912 19:18:37.748"></status>
</kw>
<kw library="SwingLibrary" name="Get Button Text">
<doc>Uses current context to search for a button and when found, returns the text it is labeled with.</doc>
<arguments>
<arg>${component}</arg>
</arguments>
<assign>
<var>${text}</var>
</assign>
<msg timestamp="20160912 19:18:37.764" level="INFO">${text} = X</msg>
<status status="PASS" starttime="20160912 19:18:37.748" endtime="20160912 19:18:37.764"></status>
</kw>
<kw library="BuiltIn" name="Should Be Equal">
<doc>Fails if the given objects are unequal.</doc>
<arguments>
<arg>${text}</arg>
<arg>${mark}</arg>
</arguments>
<status status="PASS" starttime="20160912 19:18:37.764" endtime="20160912 19:18:37.764"></status>
</kw>
<status status="PASS" starttime="20160912 19:18:37.733" endtime="20160912 19:18:37.764"></status>
</kw>
<kw name="Mark Location">
<arguments>
<arg>0</arg>
<arg>2</arg>
</arguments>
<kw library="BuiltIn" name="Catenate">
<doc>Catenates the given items together and returns the resulted string.</doc>
<arguments>
<arg>SEPARATOR=</arg>
<arg>Location</arg>
<arg>${row}</arg>
<arg>${col}</arg>
</arguments>
<assign>
<var>${component}</var>
</assign>
<msg timestamp="20160912 19:18:37.780" level="INFO">${component} = Location02</msg>
<status status="PASS" starttime="20160912 19:18:37.780" endtime="20160912 19:18:37.780"></status>
</kw>
<kw library="SwingLibrary" name="Click On Component">
<doc>Clicks on a component.</doc>
<arguments>
<arg>${component}</arg>
</arguments>
<status status="PASS" starttime="20160912 19:18:37.780" endtime="20160912 19:18:37.795"></status>
</kw>
<kw library="BuiltIn" name="Sleep">
<doc>Pauses the test executed for the given time.</doc>
<arguments>
<arg>1s</arg>
</arguments>
<msg timestamp="20160912 19:18:38.795" level="INFO">Slept 1 second</msg>
<status status="PASS" starttime="20160912 19:18:37.795" endtime="20160912 19:18:38.795"></status>
</kw>
<status status="PASS" starttime="20160912 19:18:37.764" endtime="20160912 19:18:38.795"></status>
</kw>
<kw name="Check Location">
<arguments>
<arg>0</arg>
<arg>2</arg>
<arg>O</arg>
</arguments>
<kw library="BuiltIn" name="Catenate">
<doc>Catenates the given items together and returns the resulted string.</doc>
<arguments>
<arg>SEPARATOR=</arg>
<arg>Location</arg>
<arg>${row}</arg>
<arg>${col}</arg>
</arguments>
<assign>
<var>${component}</var>
</assign>
<msg timestamp="20160912 19:18:38.811" level="INFO">${component} = Location02</msg>
<status status="PASS" starttime="20160912 19:18:38.795" endtime="20160912 19:18:38.811"></status>
</kw>
<kw library="SwingLibrary" name="Get Button Text">
<doc>Uses current context to search for a button and when found, returns the text it is labeled with.</doc>
<arguments>
<arg>${component}</arg>
</arguments>
<assign>
<var>${text}</var>
</assign>
<msg timestamp="20160912 19:18:38.827" level="INFO">${text} = O</msg>
<status status="PASS" starttime="20160912 19:18:38.811" endtime="20160912 19:18:38.827"></status>
</kw>
<kw library="BuiltIn" name="Should Be Equal">
<doc>Fails if the given objects are unequal.</doc>
<arguments>
<arg>${text}</arg>
<arg>${mark}</arg>
</arguments>
<status status="PASS" starttime="20160912 19:18:38.827" endtime="20160912 19:18:38.827"></status>
</kw>
<status status="PASS" starttime="20160912 19:18:38.795" endtime="20160912 19:18:38.827"></status>
</kw>
<kw name="Mark Location">
<arguments>
<arg>0</arg>
<arg>1</arg>
</arguments>
<kw library="BuiltIn" name="Catenate">
<doc>Catenates the given items together and returns the resulted string.</doc>
<arguments>
<arg>SEPARATOR=</arg>
<arg>Location</arg>
<arg>${row}</arg>
<arg>${col}</arg>
</arguments>
<assign>
<var>${component}</var>
</assign>
<msg timestamp="20160912 19:18:38.842" level="INFO">${component} = Location01</msg>
<status status="PASS" starttime="20160912 19:18:38.827" endtime="20160912 19:18:38.842"></status>
</kw>
<kw library="SwingLibrary" name="Click On Component">
<doc>Clicks on a component.</doc>
<arguments>
<arg>${component}</arg>
</arguments>
<status status="PASS" starttime="20160912 19:18:38.842" endtime="20160912 19:18:38.858"></status>
</kw>
<kw library="BuiltIn" name="Sleep">
<doc>Pauses the test executed for the given time.</doc>
<arguments>
<arg>1s</arg>
</arguments>
<msg timestamp="20160912 19:18:39.858" level="INFO">Slept 1 second</msg>
<status status="PASS" starttime="20160912 19:18:38.858" endtime="20160912 19:18:39.858"></status>
</kw>
<status status="PASS" starttime="20160912 19:18:38.827" endtime="20160912 19:18:39.858"></status>
</kw>
<kw name="Check Location">
<arguments>
<arg>0</arg>
<arg>1</arg>
<arg>X</arg>
</arguments>
<kw library="BuiltIn" name="Catenate">
<doc>Catenates the given items together and returns the resulted string.</doc>
<arguments>
<arg>SEPARATOR=</arg>
<arg>Location</arg>
<arg>${row}</arg>
<arg>${col}</arg>
</arguments>
<assign>
<var>${component}</var>
</assign>
<msg timestamp="20160912 19:18:39.874" level="INFO">${component} = Location01</msg>
<status status="PASS" starttime="20160912 19:18:39.858" endtime="20160912 19:18:39.874"></status>
</kw>
<kw library="SwingLibrary" name="Get Button Text">
<doc>Uses current context to search for a button and when found, returns the text it is labeled with.</doc>
<arguments>
<arg>${component}</arg>
</arguments>
<assign>
<var>${text}</var>
</assign>
<msg timestamp="20160912 19:18:39.890" level="INFO">${text} = X</msg>
<status status="PASS" starttime="20160912 19:18:39.874" endtime="20160912 19:18:39.890"></status>
</kw>
<kw library="BuiltIn" name="Should Be Equal">
<doc>Fails if the given objects are unequal.</doc>
<arguments>
<arg>${text}</arg>
<arg>${mark}</arg>
</arguments>
<status status="PASS" starttime="20160912 19:18:39.890" endtime="20160912 19:18:39.905"></status>
</kw>
<status status="PASS" starttime="20160912 19:18:39.858" endtime="20160912 19:18:39.905"></status>
</kw>
<kw name="Mark Location">
<arguments>
<arg>2</arg>
<arg>1</arg>
</arguments>
<kw library="BuiltIn" name="Catenate">
<doc>Catenates the given items together and returns the resulted string.</doc>
<arguments>
<arg>SEPARATOR=</arg>
<arg>Location</arg>
<arg>${row}</arg>
<arg>${col}</arg>
</arguments>
<assign>
<var>${component}</var>
</assign>
<msg timestamp="20160912 19:18:39.921" level="INFO">${component} = Location21</msg>
<status status="PASS" starttime="20160912 19:18:39.905" endtime="20160912 19:18:39.921"></status>
</kw>
<kw library="SwingLibrary" name="Click On Component">
<doc>Clicks on a component.</doc>
<arguments>
<arg>${component}</arg>
</arguments>
<status status="PASS" starttime="20160912 19:18:39.921" endtime="20160912 19:18:39.936"></status>
</kw>
<kw library="BuiltIn" name="Sleep">
<doc>Pauses the test executed for the given time.</doc>
<arguments>
<arg>1s</arg>
</arguments>
<msg timestamp="20160912 19:18:40.936" level="INFO">Slept 1 second</msg>
<status status="PASS" starttime="20160912 19:18:39.936" endtime="20160912 19:18:40.937"></status>
</kw>
<status status="PASS" starttime="20160912 19:18:39.905" endtime="20160912 19:18:40.937"></status>
</kw>
<kw name="Check Location">
<arguments>
<arg>2</arg>
<arg>1</arg>
<arg>O</arg>
</arguments>
<kw library="BuiltIn" name="Catenate">
<doc>Catenates the given items together and returns the resulted string.</doc>
<arguments>
<arg>SEPARATOR=</arg>
<arg>Location</arg>
<arg>${row}</arg>
<arg>${col}</arg>
</arguments>
<assign>
<var>${component}</var>
</assign>
<msg timestamp="20160912 19:18:40.953" level="INFO">${component} = Location21</msg>
<status status="PASS" starttime="20160912 19:18:40.937" endtime="20160912 19:18:40.953"></status>
</kw>
<kw library="SwingLibrary" name="Get Button Text">
<doc>Uses current context to search for a button and when found, returns the text it is labeled with.</doc>
<arguments>
<arg>${component}</arg>
</arguments>
<assign>
<var>${text}</var>
</assign>
<msg timestamp="20160912 19:18:40.968" level="INFO">${text} = O</msg>
<status status="PASS" starttime="20160912 19:18:40.953" endtime="20160912 19:18:40.968"></status>
</kw>
<kw library="BuiltIn" name="Should Be Equal">
<doc>Fails if the given objects are unequal.</doc>
<arguments>
<arg>${text}</arg>
<arg>${mark}</arg>
</arguments>
<status status="PASS" starttime="20160912 19:18:40.968" endtime="20160912 19:18:40.984"></status>
</kw>
<status status="PASS" starttime="20160912 19:18:40.937" endtime="20160912 19:18:40.984"></status>
</kw>
<kw name="Mark Location">
<arguments>
<arg>1</arg>
<arg>2</arg>
</arguments>
<kw library="BuiltIn" name="Catenate">
<doc>Catenates the given items together and returns the resulted string.</doc>
<arguments>
<arg>SEPARATOR=</arg>
<arg>Location</arg>
<arg>${row}</arg>
<arg>${col}</arg>
</arguments>
<assign>
<var>${component}</var>
</assign>
<msg timestamp="20160912 19:18:40.984" level="INFO">${component} = Location12</msg>
<status status="PASS" starttime="20160912 19:18:40.984" endtime="20160912 19:18:40.984"></status>
</kw>
<kw library="SwingLibrary" name="Click On Component">
<doc>Clicks on a component.</doc>
<arguments>
<arg>${component}</arg>
</arguments>
<status status="PASS" starttime="20160912 19:18:40.984" endtime="20160912 19:18:41.000"></status>
</kw>
<kw library="BuiltIn" name="Sleep">
<doc>Pauses the test executed for the given time.</doc>
<arguments>
<arg>1s</arg>
</arguments>
<msg timestamp="20160912 19:18:42.000" level="INFO">Slept 1 second</msg>
<status status="PASS" starttime="20160912 19:18:41.000" endtime="20160912 19:18:42.000"></status>
</kw>
<status status="PASS" starttime="20160912 19:18:40.984" endtime="20160912 19:18:42.000"></status>
</kw>
<kw name="Check Location">
<arguments>
<arg>1</arg>
<arg>2</arg>
<arg>X</arg>
</arguments>
<kw library="BuiltIn" name="Catenate">
<doc>Catenates the given items together and returns the resulted string.</doc>
<arguments>
<arg>SEPARATOR=</arg>
<arg>Location</arg>
<arg>${row}</arg>
<arg>${col}</arg>
</arguments>
<assign>
<var>${component}</var>
</assign>
<msg timestamp="20160912 19:18:42.015" level="INFO">${component} = Location12</msg>
<status status="PASS" starttime="20160912 19:18:42.015" endtime="20160912 19:18:42.015"></status>
</kw>
<kw library="SwingLibrary" name="Get Button Text">
<doc>Uses current context to search for a button and when found, returns the text it is labeled with.</doc>
<arguments>
<arg>${component}</arg>
</arguments>
<assign>
<var>${text}</var>
</assign>
<msg timestamp="20160912 19:18:42.031" level="INFO">${text} = X</msg>
<status status="PASS" starttime="20160912 19:18:42.015" endtime="20160912 19:18:42.031"></status>
</kw>
<kw library="BuiltIn" name="Should Be Equal">
<doc>Fails if the given objects are unequal.</doc>
<arguments>
<arg>${text}</arg>
<arg>${mark}</arg>
</arguments>
<status status="PASS" starttime="20160912 19:18:42.031" endtime="20160912 19:18:42.031"></status>
</kw>
<status status="PASS" starttime="20160912 19:18:42.000" endtime="20160912 19:18:42.031"></status>
</kw>
<kw name="Mark Location">
<arguments>
<arg>1</arg>
<arg>0</arg>
</arguments>
<kw library="BuiltIn" name="Catenate">
<doc>Catenates the given items together and returns the resulted string.</doc>
<arguments>
<arg>SEPARATOR=</arg>
<arg>Location</arg>
<arg>${row}</arg>
<arg>${col}</arg>
</arguments>
<assign>
<var>${component}</var>
</assign>
<msg timestamp="20160912 19:18:42.062" level="INFO">${component} = Location10</msg>
<status status="PASS" starttime="20160912 19:18:42.046" endtime="20160912 19:18:42.062"></status>
</kw>
<kw library="SwingLibrary" name="Click On Component">
<doc>Clicks on a component.</doc>
<arguments>
<arg>${component}</arg>
</arguments>
<status status="PASS" starttime="20160912 19:18:42.062" endtime="20160912 19:18:42.062"></status>
</kw>
<kw library="BuiltIn" name="Sleep">
<doc>Pauses the test executed for the given time.</doc>
<arguments>
<arg>1s</arg>
</arguments>
<msg timestamp="20160912 19:18:43.078" level="INFO">Slept 1 second</msg>
<status status="PASS" starttime="20160912 19:18:42.078" endtime="20160912 19:18:43.078"></status>
</kw>
<status status="PASS" starttime="20160912 19:18:42.031" endtime="20160912 19:18:43.078"></status>
</kw>
<kw name="Check Location">
<arguments>
<arg>1</arg>
<arg>0</arg>
<arg>O</arg>
</arguments>
<kw library="BuiltIn" name="Catenate">
<doc>Catenates the given items together and returns the resulted string.</doc>
<arguments>
<arg>SEPARATOR=</arg>
<arg>Location</arg>
<arg>${row}</arg>
<arg>${col}</arg>
</arguments>
<assign>
<var>${component}</var>
</assign>
<msg timestamp="20160912 19:18:43.093" level="INFO">${component} = Location10</msg>
<status status="PASS" starttime="20160912 19:18:43.078" endtime="20160912 19:18:43.093"></status>
</kw>
<kw library="SwingLibrary" name="Get Button Text">
<doc>Uses current context to search for a button and when found, returns the text it is labeled with.</doc>
<arguments>
<arg>${component}</arg>
</arguments>
<assign>
<var>${text}</var>
</assign>
<msg timestamp="20160912 19:18:43.093" level="INFO">${text} = O</msg>
<status status="PASS" starttime="20160912 19:18:43.093" endtime="20160912 19:18:43.093"></status>
</kw>
<kw library="BuiltIn" name="Should Be Equal">
<doc>Fails if the given objects are unequal.</doc>
<arguments>
<arg>${text}</arg>
<arg>${mark}</arg>
</arguments>
<status status="PASS" starttime="20160912 19:18:43.109" endtime="20160912 19:18:43.109"></status>
</kw>
<status status="PASS" starttime="20160912 19:18:43.078" endtime="20160912 19:18:43.109"></status>
</kw>
<kw name="Mark Location">
<arguments>
<arg>2</arg>
<arg>2</arg>
</arguments>
<kw library="BuiltIn" name="Catenate">
<doc>Catenates the given items together and returns the resulted string.</doc>
<arguments>
<arg>SEPARATOR=</arg>
<arg>Location</arg>
<arg>${row}</arg>
<arg>${col}</arg>
</arguments>
<assign>
<var>${component}</var>
</assign>
<msg timestamp="20160912 19:18:43.109" level="INFO">${component} = Location22</msg>
<status status="PASS" starttime="20160912 19:18:43.109" endtime="20160912 19:18:43.109"></status>
</kw>
<kw library="SwingLibrary" name="Click On Component">
<doc>Clicks on a component.</doc>
<arguments>
<arg>${component}</arg>
</arguments>
<status status="PASS" starttime="20160912 19:18:43.109" endtime="20160912 19:18:43.125"></status>
</kw>
<kw library="BuiltIn" name="Sleep">
<doc>Pauses the test executed for the given time.</doc>
<arguments>
<arg>1s</arg>
</arguments>
<msg timestamp="20160912 19:18:44.125" level="INFO">Slept 1 second</msg>
<status status="PASS" starttime="20160912 19:18:43.125" endtime="20160912 19:18:44.125"></status>
</kw>
<status status="PASS" starttime="20160912 19:18:43.109" endtime="20160912 19:18:44.125"></status>
</kw>
<kw name="Check Location">
<arguments>
<arg>2</arg>
<arg>2</arg>
<arg>X</arg>
</arguments>
<kw library="BuiltIn" name="Catenate">
<doc>Catenates the given items together and returns the resulted string.</doc>
<arguments>
<arg>SEPARATOR=</arg>
<arg>Location</arg>
<arg>${row}</arg>
<arg>${col}</arg>
</arguments>
<assign>
<var>${component}</var>
</assign>
<msg timestamp="20160912 19:18:44.144" level="INFO">${component} = Location22</msg>
<status status="PASS" starttime="20160912 19:18:44.125" endtime="20160912 19:18:44.144"></status>
</kw>
<kw library="SwingLibrary" name="Get Button Text">
<doc>Uses current context to search for a button and when found, returns the text it is labeled with.</doc>
<arguments>
<arg>${component}</arg>
</arguments>
<assign>
<var>${text}</var>
</assign>
<msg timestamp="20160912 19:18:44.152" level="INFO">${text} = X</msg>
<status status="PASS" starttime="20160912 19:18:44.148" endtime="20160912 19:18:44.152"></status>
</kw>
<kw library="BuiltIn" name="Should Be Equal">
<doc>Fails if the given objects are unequal.</doc>
<arguments>
<arg>${text}</arg>
<arg>${mark}</arg>
</arguments>
<status status="PASS" starttime="20160912 19:18:44.152" endtime="20160912 19:18:44.152"></status>
</kw>
<status status="PASS" starttime="20160912 19:18:44.125" endtime="20160912 19:18:44.152"></status>
</kw>
<kw name="Winner Should Be">
<arguments>
<arg>TIE</arg>
</arguments>
<kw library="SwingLibrary" name="Select Dialog">
<doc>Selects a dialog as current context and sets focus to it.</doc>
<arguments>
<arg>Game Over</arg>
</arguments>
<status status="PASS" starttime="20160912 19:18:44.168" endtime="20160912 19:18:44.168"></status>
</kw>
<kw library="BuiltIn" name="Catenate">
<doc>Catenates the given items together and returns the resulted string.</doc>
<arguments>
<arg>The winner is</arg>
<arg>${winner}</arg>
</arguments>
<assign>
<var>${message}</var>
</assign>
<msg timestamp="20160912 19:18:44.168" level="INFO">${message} = The winner is TIE</msg>
<status status="PASS" starttime="20160912 19:18:44.168" endtime="20160912 19:18:44.168"></status>
</kw>
<kw library="SwingLibrary" name="Label Text Should Be">
<doc>Checks the equality of given text and the text displayed on a label.</doc>
<arguments>
<arg>OptionPane.label</arg>
<arg>${message}</arg>
</arguments>
<status status="PASS" starttime="20160912 19:18:44.168" endtime="20160912 19:18:44.184"></status>
</kw>
<kw library="SwingLibrary" name="Close Dialog">
<doc>Closes a dialog.</doc>
<arguments>
<arg>Game Over</arg>
</arguments>
<status status="PASS" starttime="20160912 19:18:44.184" endtime="20160912 19:18:44.184"></status>
</kw>
<kw library="SwingLibrary" name="Close Window">
<doc>Closes a window.</doc>
<arguments>
<arg>Tic Tac Toe</arg>
</arguments>
<status status="PASS" starttime="20160912 19:18:44.199" endtime="20160912 19:18:44.371"></status>
</kw>
<status status="PASS" starttime="20160912 19:18:44.152" endtime="20160912 19:18:44.371"></status>
</kw>
<status status="PASS" starttime="20160912 19:18:34.498" endtime="20160912 19:18:44.371" critical="yes"></status>
</test>
<status status="PASS" starttime="20160912 19:18:20.465" endtime="20160912 19:18:44.387"></status>
</suite>
<statistics>
<total>
<stat pass="3" fail="0">Critical Tests</stat>
<stat pass="3" fail="0">All Tests</stat>
</total>
<tag>
</tag>
<suite>
<stat pass="3" id="s1" fail="0" name="TicTacToeGUITest">TicTacToeGUITest</stat>
</suite>
</statistics>
<errors>
</errors>
</robot>
